[debug] [2020-11-07T15:52:20.586Z] ----------------------------------------------------------------------
[debug] [2020-11-07T15:52:20.588Z] Command:       /usr/local/bin/node /usr/local/bin/firebase emulators:start
[debug] [2020-11-07T15:52:20.588Z] CLI Version:   8.10.0
[debug] [2020-11-07T15:52:20.588Z] Platform:      linux
[debug] [2020-11-07T15:52:20.588Z] Node Version:  v12.18.3
[debug] [2020-11-07T15:52:20.588Z] Time:          Sat Nov 07 2020 15:52:20 GMT+0000 (Greenwich Mean Time)
[debug] [2020-11-07T15:52:20.588Z] ----------------------------------------------------------------------
[debug] [2020-11-07T15:52:20.589Z] 
[debug] [2020-11-07T15:52:20.594Z] > command requires scopes: ["email","openid","https://www.googleapis.com/auth/cloudplatformprojects.readonly","https://www.googleapis.com/auth/firebase","https://www.googleapis.com/auth/cloud-platform"]
[debug] [2020-11-07T15:52:20.594Z] > authorizing via signed-in user
[info] i  emulators: Starting emulators: functions, hosting {"metadata":{"emulator":{"name":"hub"},"message":"Starting emulators: functions, hosting"}}
[debug] [2020-11-07T15:52:20.611Z] [hub] writing locator at /tmp/hub-example-project-b9e76.json
[warn] ⚠  functions: The following emulators are not running, calls to these services from the Functions emulator will affect production: firestore, database, pubsub {"metadata":{"emulator":{"name":"functions"},"message":"The following emulators are not running, calls to these services from the Functions emulator will affect production: \u001b[1mfirestore, database, pubsub\u001b[22m"}}
[warn] ⚠  Your requested "node" version "10" doesn't match your global version "12" {"metadata":{"emulator":{"name":"functions"},"message":"Your requested \"node\" version \"10\" doesn't match your global version \"12\""}}
[debug] [2020-11-07T15:52:20.638Z] defaultcredentials: writing to file /home/mouahamdou/.config/firebase/mouhamadoudioufsn_gmail_com_application_default_credentials.json
[debug] [2020-11-07T15:52:20.641Z] Setting GAC to /home/mouahamdou/.config/firebase/mouhamadoudioufsn_gmail_com_application_default_credentials.json {"metadata":{"emulator":{"name":"functions"},"message":"Setting GAC to /home/mouahamdou/.config/firebase/mouhamadoudioufsn_gmail_com_application_default_credentials.json"}}
[debug] [2020-11-07T15:52:20.650Z] >>> HTTP REQUEST GET https://firebase.googleapis.com/v1beta1/projects/example-project-b9e76/webApps/-/config  
 
[debug] [2020-11-07T15:52:22.019Z] <<< HTTP RESPONSE 200 {"content-type":"application/json; charset=UTF-8","vary":"X-Origin, Referer, Origin,Accept-Encoding","date":"Sat, 07 Nov 2020 15:52:21 GMT","server":"ESF","cache-control":"private","x-xss-protection":"0","x-frame-options":"SAMEORIGIN","x-content-type-options":"nosniff","alt-svc":"h3-Q050=\":443\"; ma=2592000,h3-29=\":443\"; ma=2592000,h3-T051=\":443\"; ma=2592000,h3-T050=\":443\"; ma=2592000,h3-Q046=\":443\"; ma=2592000,h3-Q043=\":443\"; ma=2592000,quic=\":443\"; ma=2592000; v=\"46,43\"","accept-ranges":"none","transfer-encoding":"chunked"}
[info] i  hosting: Serving hosting files from: build {"metadata":{"emulator":{"name":"hosting"},"message":"Serving hosting files from: \u001b[1mbuild\u001b[22m"}}
[info] ✔  hosting: Local server: http://localhost:5000 {"metadata":{"emulator":{"name":"hosting"},"message":"Local server: \u001b[4m\u001b[1mhttp://localhost:5000\u001b[22m\u001b[24m"}}
[warn] ⚠  ui: Emulator UI unable to start on port 4000, starting on 4001 instead. {"metadata":{"emulator":{"name":"ui"},"message":"Emulator UI unable to start on port 4000, starting on 4001 instead."}}
[debug] [2020-11-07T15:52:22.127Z] Ignoring unsupported arg: auto_download {"metadata":{"emulator":{"name":"ui"},"message":"Ignoring unsupported arg: auto_download"}}
[debug] [2020-11-07T15:52:22.128Z] Ignoring unsupported arg: port {"metadata":{"emulator":{"name":"ui"},"message":"Ignoring unsupported arg: port"}}
[debug] [2020-11-07T15:52:22.128Z] Starting Emulator UI with command {"binary":"node","args":["/home/mouahamdou/.cache/firebase/emulators/ui-v1.1.1/server.bundle.js"],"optionalArgs":[],"joinArgs":false} {"metadata":{"emulator":{"name":"ui"},"message":"Starting Emulator UI with command {\"binary\":\"node\",\"args\":[\"/home/mouahamdou/.cache/firebase/emulators/ui-v1.1.1/server.bundle.js\"],\"optionalArgs\":[],\"joinArgs\":false}"}}
[info] i  ui: Emulator UI logging to ui-debug.log {"metadata":{"emulator":{"name":"ui"},"message":"Emulator UI logging to \u001b[1mui-debug.log\u001b[22m"}}
[debug] [2020-11-07T15:52:22.243Z] Web / API server started at http://localhost:4001
 {"metadata":{"emulator":{"name":"ui"},"message":"Web / API server started at http://localhost:4001\n"}}
[info] i  functions: Watching "/home/mouahamdou/Documents/amazon/functions" for Cloud Functions... {"metadata":{"emulator":{"name":"functions"},"message":"Watching \"/home/mouahamdou/Documents/amazon/functions\" for Cloud Functions..."}}
[debug] [2020-11-07T15:52:22.448Z] [worker-pool] addWorker(~diagnostic~) {"metadata":{"emulator":{"name":"functions"},"message":"[worker-pool] addWorker(~diagnostic~)"}}
[debug] [2020-11-07T15:52:22.449Z] [worker-pool] Adding worker with key ~diagnostic~, total=1 {"metadata":{"emulator":{"name":"functions"},"message":"[worker-pool] Adding worker with key ~diagnostic~, total=1"}}
[debug] [2020-11-07T15:52:22.450Z] [worker-pool] submitWork(triggerId=) {"metadata":{"emulator":{"name":"functions"},"message":"[worker-pool] submitWork(triggerId=)"}}
[debug] [2020-11-07T15:52:22.452Z] [worker-~diagnostic~-cfa8c242-23a9-4e46-b5d3-e0816f47fef2]: Assigning socketPath: /tmp/fire_emu_6158.sock {"metadata":{"emulator":{"name":"functions"},"message":"[worker-~diagnostic~-cfa8c242-23a9-4e46-b5d3-e0816f47fef2]: Assigning socketPath: /tmp/fire_emu_6158.sock"}}
[debug] [2020-11-07T15:52:22.453Z] [worker-~diagnostic~-cfa8c242-23a9-4e46-b5d3-e0816f47fef2]: BUSY {"metadata":{"emulator":{"name":"functions"},"message":"[worker-~diagnostic~-cfa8c242-23a9-4e46-b5d3-e0816f47fef2]: BUSY"}}
[debug] [2020-11-07T15:52:22.748Z] [runtime-status] [6158] Functions runtime initialized. {"cwd":"/home/mouahamdou/Documents/amazon/functions","node_version":"12.18.3"} {"metadata":{"emulator":{"name":"functions"},"message":"[runtime-status] [6158] Functions runtime initialized. {\"cwd\":\"/home/mouahamdou/Documents/amazon/functions\",\"node_version\":\"12.18.3\"}"}}
[debug] [2020-11-07T15:52:22.749Z] [runtime-status] [6158] Disabled runtime features: undefined {"metadata":{"emulator":{"name":"functions"},"message":"[runtime-status] [6158] Disabled runtime features: undefined"}}
[debug] [2020-11-07T15:52:22.754Z] [runtime-status] [6158] Resolved module firebase-admin {"declared":true,"installed":true,"version":"8.13.0","resolution":"/home/mouahamdou/Documents/amazon/functions/node_modules/firebase-admin/lib/index.js"} {"metadata":{"emulator":{"name":"functions"},"message":"[runtime-status] [6158] Resolved module firebase-admin {\"declared\":true,\"installed\":true,\"version\":\"8.13.0\",\"resolution\":\"/home/mouahamdou/Documents/amazon/functions/node_modules/firebase-admin/lib/index.js\"}"}}
[debug] [2020-11-07T15:52:22.755Z] [runtime-status] [6158] Resolved module firebase-functions {"declared":true,"installed":true,"version":"3.11.0","resolution":"/home/mouahamdou/Documents/amazon/functions/node_modules/firebase-functions/lib/index.js"} {"metadata":{"emulator":{"name":"functions"},"message":"[runtime-status] [6158] Resolved module firebase-functions {\"declared\":true,\"installed\":true,\"version\":\"3.11.0\",\"resolution\":\"/home/mouahamdou/Documents/amazon/functions/node_modules/firebase-functions/lib/index.js\"}"}}
[debug] [2020-11-07T15:52:22.756Z] [runtime-status] [6158] Resolved module firebase-functions {"declared":true,"installed":true,"version":"3.11.0","resolution":"/home/mouahamdou/Documents/amazon/functions/node_modules/firebase-functions/lib/index.js"} {"metadata":{"emulator":{"name":"functions"},"message":"[runtime-status] [6158] Resolved module firebase-functions {\"declared\":true,\"installed\":true,\"version\":\"3.11.0\",\"resolution\":\"/home/mouahamdou/Documents/amazon/functions/node_modules/firebase-functions/lib/index.js\"}"}}
[debug] [2020-11-07T15:52:22.758Z] [runtime-status] [6158] Outgoing network have been stubbed. [{"name":"http","status":"mocked"},{"name":"http","status":"mocked"},{"name":"https","status":"mocked"},{"name":"https","status":"mocked"},{"name":"net","status":"mocked"}] {"metadata":{"emulator":{"name":"functions"},"message":"[runtime-status] [6158] Outgoing network have been stubbed. [{\"name\":\"http\",\"status\":\"mocked\"},{\"name\":\"http\",\"status\":\"mocked\"},{\"name\":\"https\",\"status\":\"mocked\"},{\"name\":\"https\",\"status\":\"mocked\"},{\"name\":\"net\",\"status\":\"mocked\"}]"}}
[debug] [2020-11-07T15:52:22.758Z] [runtime-status] [6158] Resolved module firebase-functions {"declared":true,"installed":true,"version":"3.11.0","resolution":"/home/mouahamdou/Documents/amazon/functions/node_modules/firebase-functions/lib/index.js"} {"metadata":{"emulator":{"name":"functions"},"message":"[runtime-status] [6158] Resolved module firebase-functions {\"declared\":true,\"installed\":true,\"version\":\"3.11.0\",\"resolution\":\"/home/mouahamdou/Documents/amazon/functions/node_modules/firebase-functions/lib/index.js\"}"}}
[debug] [2020-11-07T15:52:22.788Z] [runtime-status] [6158] Checked functions.config() {"config":{}} {"metadata":{"emulator":{"name":"functions"},"message":"[runtime-status] [6158] Checked functions.config() {\"config\":{}}"}}
[debug] [2020-11-07T15:52:22.789Z] [runtime-status] [6158] firebase-functions has been stubbed. {"functionsResolution":{"declared":true,"installed":true,"version":"3.11.0","resolution":"/home/mouahamdou/Documents/amazon/functions/node_modules/firebase-functions/lib/index.js"}} {"metadata":{"emulator":{"name":"functions"},"message":"[runtime-status] [6158] firebase-functions has been stubbed. {\"functionsResolution\":{\"declared\":true,\"installed\":true,\"version\":\"3.11.0\",\"resolution\":\"/home/mouahamdou/Documents/amazon/functions/node_modules/firebase-functions/lib/index.js\"}}"}}
[debug] [2020-11-07T15:52:22.789Z] [runtime-status] [6158] Resolved module firebase-functions {"declared":true,"installed":true,"version":"3.11.0","resolution":"/home/mouahamdou/Documents/amazon/functions/node_modules/firebase-functions/lib/index.js"} {"metadata":{"emulator":{"name":"functions"},"message":"[runtime-status] [6158] Resolved module firebase-functions {\"declared\":true,\"installed\":true,\"version\":\"3.11.0\",\"resolution\":\"/home/mouahamdou/Documents/amazon/functions/node_modules/firebase-functions/lib/index.js\"}"}}
[debug] [2020-11-07T15:52:22.790Z] [runtime-status] [6158] Resolved module firebase-admin {"declared":true,"installed":true,"version":"8.13.0","resolution":"/home/mouahamdou/Documents/amazon/functions/node_modules/firebase-admin/lib/index.js"} {"metadata":{"emulator":{"name":"functions"},"message":"[runtime-status] [6158] Resolved module firebase-admin {\"declared\":true,\"installed\":true,\"version\":\"8.13.0\",\"resolution\":\"/home/mouahamdou/Documents/amazon/functions/node_modules/firebase-admin/lib/index.js\"}"}}
[debug] [2020-11-07T15:52:22.791Z] [runtime-status] [6158] Resolved module firebase-functions {"declared":true,"installed":true,"version":"3.11.0","resolution":"/home/mouahamdou/Documents/amazon/functions/node_modules/firebase-functions/lib/index.js"} {"metadata":{"emulator":{"name":"functions"},"message":"[runtime-status] [6158] Resolved module firebase-functions {\"declared\":true,\"installed\":true,\"version\":\"3.11.0\",\"resolution\":\"/home/mouahamdou/Documents/amazon/functions/node_modules/firebase-functions/lib/index.js\"}"}}
[debug] [2020-11-07T15:52:22.791Z] [runtime-status] [6158] firebase-admin has been stubbed. {"adminResolution":{"declared":true,"installed":true,"version":"8.13.0","resolution":"/home/mouahamdou/Documents/amazon/functions/node_modules/firebase-admin/lib/index.js"}} {"metadata":{"emulator":{"name":"functions"},"message":"[runtime-status] [6158] firebase-admin has been stubbed. {\"adminResolution\":{\"declared\":true,\"installed\":true,\"version\":\"8.13.0\",\"resolution\":\"/home/mouahamdou/Documents/amazon/functions/node_modules/firebase-admin/lib/index.js\"}}"}}
[info] ✔  functions[api]: http function initialized (http://localhost:5001/example-project-b9e76/us-central1/api). {"metadata":{"emulator":{"name":"functions"},"message":"\u001b[1mhttp\u001b[22m function initialized (http://localhost:5001/example-project-b9e76/us-central1/api)."}}
[info] 
┌───────────────────────────────────────────────────────────────────────┐
│ ✔  All emulators ready! View status and logs at http://localhost:4001 │
└───────────────────────────────────────────────────────────────────────┘

┌───────────┬────────────────┬─────────────────────────────────┐
│ Emulator  │ Host:Port      │ View in Emulator UI             │
├───────────┼────────────────┼─────────────────────────────────┤
│ Functions │ localhost:5001 │ http://localhost:4001/functions │
├───────────┼────────────────┼─────────────────────────────────┤
│ Hosting   │ localhost:5000 │ n/a                             │
└───────────┴────────────────┴─────────────────────────────────┘
  Other reserved ports: 4400, 4500

Issues? Report them at https://github.com/firebase/firebase-tools/issues and attach the *-debug.log files.
 
[debug] [2020-11-07T15:52:22.869Z] [worker-~diagnostic~-cfa8c242-23a9-4e46-b5d3-e0816f47fef2]: IDLE {"metadata":{"emulator":{"name":"functions"},"message":"[worker-~diagnostic~-cfa8c242-23a9-4e46-b5d3-e0816f47fef2]: IDLE"}}
[debug] [2020-11-07T15:52:31.679Z] [work-queue] {"queueLength":1,"workRunningCount":0}
[debug] [2020-11-07T15:52:31.680Z] [work-queue] {"queueLength":0,"workRunningCount":1}
[debug] [2020-11-07T15:52:31.680Z] Accepted request POST /example-project-b9e76/us-central1/api/payment/create?total=0 --> api
[debug] [2020-11-07T15:52:31.690Z] [worker-pool] addWorker(api) {"metadata":{"emulator":{"name":"functions"},"message":"[worker-pool] addWorker(api)"}}
[debug] [2020-11-07T15:52:31.691Z] [worker-pool] Adding worker with key api, total=1 {"metadata":{"emulator":{"name":"functions"},"message":"[worker-pool] Adding worker with key api, total=1"}}
[debug] [2020-11-07T15:52:31.691Z] [worker-pool] submitWork(triggerId=api) {"metadata":{"emulator":{"name":"functions"},"message":"[worker-pool] submitWork(triggerId=api)"}}
[debug] [2020-11-07T15:52:31.692Z] [worker-api-55e9748b-be73-4b89-bbc3-b948f0e2c252]: Assigning socketPath: /tmp/fire_emu_6197.sock {"metadata":{"emulator":{"name":"functions"},"message":"[worker-api-55e9748b-be73-4b89-bbc3-b948f0e2c252]: Assigning socketPath: /tmp/fire_emu_6197.sock"}}
[debug] [2020-11-07T15:52:31.692Z] [worker-api-55e9748b-be73-4b89-bbc3-b948f0e2c252]: BUSY {"metadata":{"emulator":{"name":"functions"},"message":"[worker-api-55e9748b-be73-4b89-bbc3-b948f0e2c252]: BUSY"}}
[debug] [2020-11-07T15:52:32.094Z] [runtime-status] [6197] Functions runtime initialized. {"cwd":"/home/mouahamdou/Documents/amazon/functions","node_version":"12.18.3"} {"metadata":{"emulator":{"name":"functions"},"function":{"name":"api"},"message":"[runtime-status] [6197] Functions runtime initialized. {\"cwd\":\"/home/mouahamdou/Documents/amazon/functions\",\"node_version\":\"12.18.3\"}"}}
[debug] [2020-11-07T15:52:32.100Z] [runtime-status] [6197] Disabled runtime features: undefined {"metadata":{"emulator":{"name":"functions"},"function":{"name":"api"},"message":"[runtime-status] [6197] Disabled runtime features: undefined"}}
[debug] [2020-11-07T15:52:32.100Z] [runtime-status] [6197] Resolved module firebase-admin {"declared":true,"installed":true,"version":"8.13.0","resolution":"/home/mouahamdou/Documents/amazon/functions/node_modules/firebase-admin/lib/index.js"} {"metadata":{"emulator":{"name":"functions"},"function":{"name":"api"},"message":"[runtime-status] [6197] Resolved module firebase-admin {\"declared\":true,\"installed\":true,\"version\":\"8.13.0\",\"resolution\":\"/home/mouahamdou/Documents/amazon/functions/node_modules/firebase-admin/lib/index.js\"}"}}
[debug] [2020-11-07T15:52:32.100Z] [runtime-status] [6197] Resolved module firebase-functions {"declared":true,"installed":true,"version":"3.11.0","resolution":"/home/mouahamdou/Documents/amazon/functions/node_modules/firebase-functions/lib/index.js"} {"metadata":{"emulator":{"name":"functions"},"function":{"name":"api"},"message":"[runtime-status] [6197] Resolved module firebase-functions {\"declared\":true,\"installed\":true,\"version\":\"3.11.0\",\"resolution\":\"/home/mouahamdou/Documents/amazon/functions/node_modules/firebase-functions/lib/index.js\"}"}}
[debug] [2020-11-07T15:52:32.100Z] [runtime-status] [6197] Resolved module firebase-functions {"declared":true,"installed":true,"version":"3.11.0","resolution":"/home/mouahamdou/Documents/amazon/functions/node_modules/firebase-functions/lib/index.js"} {"metadata":{"emulator":{"name":"functions"},"function":{"name":"api"},"message":"[runtime-status] [6197] Resolved module firebase-functions {\"declared\":true,\"installed\":true,\"version\":\"3.11.0\",\"resolution\":\"/home/mouahamdou/Documents/amazon/functions/node_modules/firebase-functions/lib/index.js\"}"}}
[debug] [2020-11-07T15:52:32.104Z] [runtime-status] [6197] Outgoing network have been stubbed. [{"name":"http","status":"mocked"},{"name":"http","status":"mocked"},{"name":"https","status":"mocked"},{"name":"https","status":"mocked"},{"name":"net","status":"mocked"}] {"metadata":{"emulator":{"name":"functions"},"function":{"name":"api"},"message":"[runtime-status] [6197] Outgoing network have been stubbed. [{\"name\":\"http\",\"status\":\"mocked\"},{\"name\":\"http\",\"status\":\"mocked\"},{\"name\":\"https\",\"status\":\"mocked\"},{\"name\":\"https\",\"status\":\"mocked\"},{\"name\":\"net\",\"status\":\"mocked\"}]"}}
[debug] [2020-11-07T15:52:32.104Z] [runtime-status] [6197] Resolved module firebase-functions {"declared":true,"installed":true,"version":"3.11.0","resolution":"/home/mouahamdou/Documents/amazon/functions/node_modules/firebase-functions/lib/index.js"} {"metadata":{"emulator":{"name":"functions"},"function":{"name":"api"},"message":"[runtime-status] [6197] Resolved module firebase-functions {\"declared\":true,\"installed\":true,\"version\":\"3.11.0\",\"resolution\":\"/home/mouahamdou/Documents/amazon/functions/node_modules/firebase-functions/lib/index.js\"}"}}
[debug] [2020-11-07T15:52:32.157Z] [runtime-status] [6197] Checked functions.config() {"config":{}} {"metadata":{"emulator":{"name":"functions"},"function":{"name":"api"},"message":"[runtime-status] [6197] Checked functions.config() {\"config\":{}}"}}
[debug] [2020-11-07T15:52:32.158Z] [runtime-status] [6197] firebase-functions has been stubbed. {"functionsResolution":{"declared":true,"installed":true,"version":"3.11.0","resolution":"/home/mouahamdou/Documents/amazon/functions/node_modules/firebase-functions/lib/index.js"}} {"metadata":{"emulator":{"name":"functions"},"function":{"name":"api"},"message":"[runtime-status] [6197] firebase-functions has been stubbed. {\"functionsResolution\":{\"declared\":true,\"installed\":true,\"version\":\"3.11.0\",\"resolution\":\"/home/mouahamdou/Documents/amazon/functions/node_modules/firebase-functions/lib/index.js\"}}"}}
[debug] [2020-11-07T15:52:32.160Z] [runtime-status] [6197] Resolved module firebase-functions {"declared":true,"installed":true,"version":"3.11.0","resolution":"/home/mouahamdou/Documents/amazon/functions/node_modules/firebase-functions/lib/index.js"} {"metadata":{"emulator":{"name":"functions"},"function":{"name":"api"},"message":"[runtime-status] [6197] Resolved module firebase-functions {\"declared\":true,\"installed\":true,\"version\":\"3.11.0\",\"resolution\":\"/home/mouahamdou/Documents/amazon/functions/node_modules/firebase-functions/lib/index.js\"}"}}
[debug] [2020-11-07T15:52:32.161Z] [runtime-status] [6197] Resolved module firebase-admin {"declared":true,"installed":true,"version":"8.13.0","resolution":"/home/mouahamdou/Documents/amazon/functions/node_modules/firebase-admin/lib/index.js"} {"metadata":{"emulator":{"name":"functions"},"function":{"name":"api"},"message":"[runtime-status] [6197] Resolved module firebase-admin {\"declared\":true,\"installed\":true,\"version\":\"8.13.0\",\"resolution\":\"/home/mouahamdou/Documents/amazon/functions/node_modules/firebase-admin/lib/index.js\"}"}}
[debug] [2020-11-07T15:52:32.162Z] [runtime-status] [6197] Resolved module firebase-functions {"declared":true,"installed":true,"version":"3.11.0","resolution":"/home/mouahamdou/Documents/amazon/functions/node_modules/firebase-functions/lib/index.js"} {"metadata":{"emulator":{"name":"functions"},"function":{"name":"api"},"message":"[runtime-status] [6197] Resolved module firebase-functions {\"declared\":true,\"installed\":true,\"version\":\"3.11.0\",\"resolution\":\"/home/mouahamdou/Documents/amazon/functions/node_modules/firebase-functions/lib/index.js\"}"}}
[debug] [2020-11-07T15:52:32.162Z] [runtime-status] [6197] firebase-admin has been stubbed. {"adminResolution":{"declared":true,"installed":true,"version":"8.13.0","resolution":"/home/mouahamdou/Documents/amazon/functions/node_modules/firebase-admin/lib/index.js"}} {"metadata":{"emulator":{"name":"functions"},"function":{"name":"api"},"message":"[runtime-status] [6197] firebase-admin has been stubbed. {\"adminResolution\":{\"declared\":true,\"installed\":true,\"version\":\"8.13.0\",\"resolution\":\"/home/mouahamdou/Documents/amazon/functions/node_modules/firebase-admin/lib/index.js\"}}"}}
[debug] [2020-11-07T15:52:32.299Z] [runtime-status] [6197] Trigger "api" has been found, beginning invocation! {"metadata":{"emulator":{"name":"functions"},"function":{"name":"api"},"message":"[runtime-status] [6197] Trigger \"api\" has been found, beginning invocation!"}}
[info] i  functions: Beginning execution of "api" {"metadata":{"emulator":{"name":"functions"},"function":{"name":"api"},"message":"Beginning execution of \"api\""}}
[debug] [2020-11-07T15:52:32.300Z] [runtime-status] [6197] triggerDefinition {"httpsTrigger":{},"name":"api","entryPoint":"api"} {"metadata":{"emulator":{"name":"functions"},"function":{"name":"api"},"message":"[runtime-status] [6197] triggerDefinition {\"httpsTrigger\":{},\"name\":\"api\",\"entryPoint\":\"api\"}"}}
[debug] [2020-11-07T15:52:32.300Z] [runtime-status] [6197] Running api in mode HTTPS {"metadata":{"emulator":{"name":"functions"},"function":{"name":"api"},"message":"[runtime-status] [6197] Running api in mode HTTPS"}}
[debug] [2020-11-07T15:52:32.301Z] [runtime-status] [6197] Attempting to listen to socketPath: /tmp/fire_emu_6197.sock {"metadata":{"emulator":{"name":"functions"},"function":{"name":"api"},"message":"[runtime-status] [6197] Attempting to listen to socketPath: /tmp/fire_emu_6197.sock"}}
[debug] [2020-11-07T15:52:32.305Z] [functions] Runtime ready! Sending request! {"metadata":{"emulator":{"name":"functions"},"message":"[functions] Runtime ready! Sending request!"}}
[debug] [2020-11-07T15:52:32.322Z] [runtime-status] [6197] Ephemeral server handling POST request {"metadata":{"emulator":{"name":"functions"},"function":{"name":"api"},"message":"[runtime-status] [6197] Ephemeral server handling POST request"}}
[debug] [2020-11-07T15:52:32.334Z] [runtime-status] [6197] Ephemeral server survived. {"metadata":{"emulator":{"name":"functions"},"function":{"name":"api"},"message":"[runtime-status] [6197] Ephemeral server survived."}}
[info] i  functions: Finished "api" in ~1s {"metadata":{"emulator":{"name":"functions"},"function":{"name":"api"},"message":"Finished \"api\" in ~1s"}}
[debug] [2020-11-07T15:52:32.337Z] [worker-api-55e9748b-be73-4b89-bbc3-b948f0e2c252]: IDLE {"metadata":{"emulator":{"name":"functions"},"message":"[worker-api-55e9748b-be73-4b89-bbc3-b948f0e2c252]: IDLE"}}
[debug] [2020-11-07T15:52:32.337Z] [work-queue] {"queueLength":0,"workRunningCount":0}
[debug] [2020-11-07T15:52:54.007Z] [work-queue] {"queueLength":1,"workRunningCount":0}
[debug] [2020-11-07T15:52:54.007Z] [work-queue] {"queueLength":0,"workRunningCount":1}
[debug] [2020-11-07T15:52:54.007Z] Accepted request POST /example-project-b9e76/us-central1/api/payment/create?total=26499 --> api
[debug] [2020-11-07T15:52:54.008Z] [worker-pool] submitWork(triggerId=api) {"metadata":{"emulator":{"name":"functions"},"message":"[worker-pool] submitWork(triggerId=api)"}}
[debug] [2020-11-07T15:52:54.008Z] [worker-api-55e9748b-be73-4b89-bbc3-b948f0e2c252]: Assigning socketPath: /tmp/fire_emu_6197.sock {"metadata":{"emulator":{"name":"functions"},"message":"[worker-api-55e9748b-be73-4b89-bbc3-b948f0e2c252]: Assigning socketPath: /tmp/fire_emu_6197.sock"}}
[debug] [2020-11-07T15:52:54.008Z] [worker-api-55e9748b-be73-4b89-bbc3-b948f0e2c252]: BUSY {"metadata":{"emulator":{"name":"functions"},"message":"[worker-api-55e9748b-be73-4b89-bbc3-b948f0e2c252]: BUSY"}}
[debug] [2020-11-07T15:52:54.012Z] [runtime-status] [6197] Trigger "api" has been found, beginning invocation! {"metadata":{"emulator":{"name":"functions"},"function":{"name":"api"},"message":"[runtime-status] [6197] Trigger \"api\" has been found, beginning invocation!"}}
[info] i  functions: Beginning execution of "api" {"metadata":{"emulator":{"name":"functions"},"function":{"name":"api"},"message":"Beginning execution of \"api\""}}
[debug] [2020-11-07T15:52:54.013Z] [runtime-status] [6197] triggerDefinition {"httpsTrigger":{},"name":"api","entryPoint":"api"} {"metadata":{"emulator":{"name":"functions"},"function":{"name":"api"},"message":"[runtime-status] [6197] triggerDefinition {\"httpsTrigger\":{},\"name\":\"api\",\"entryPoint\":\"api\"}"}}
[debug] [2020-11-07T15:52:54.014Z] [runtime-status] [6197] Running api in mode HTTPS {"metadata":{"emulator":{"name":"functions"},"function":{"name":"api"},"message":"[runtime-status] [6197] Running api in mode HTTPS"}}
[debug] [2020-11-07T15:52:54.014Z] [runtime-status] [6197] Attempting to listen to socketPath: /tmp/fire_emu_6197.sock {"metadata":{"emulator":{"name":"functions"},"function":{"name":"api"},"message":"[runtime-status] [6197] Attempting to listen to socketPath: /tmp/fire_emu_6197.sock"}}
[debug] [2020-11-07T15:52:54.016Z] [functions] Runtime ready! Sending request! {"metadata":{"emulator":{"name":"functions"},"message":"[functions] Runtime ready! Sending request!"}}
[debug] [2020-11-07T15:52:54.029Z] [runtime-status] [6197] Ephemeral server handling POST request {"metadata":{"emulator":{"name":"functions"},"function":{"name":"api"},"message":"[runtime-status] [6197] Ephemeral server handling POST request"}}
[debug] [2020-11-07T15:52:54.031Z] [runtime-status] [6197] Ephemeral server survived. {"metadata":{"emulator":{"name":"functions"},"function":{"name":"api"},"message":"[runtime-status] [6197] Ephemeral server survived."}}
[info] i  functions: Finished "api" in ~1s {"metadata":{"emulator":{"name":"functions"},"function":{"name":"api"},"message":"Finished \"api\" in ~1s"}}
[debug] [2020-11-07T15:52:54.031Z] [worker-api-55e9748b-be73-4b89-bbc3-b948f0e2c252]: IDLE {"metadata":{"emulator":{"name":"functions"},"message":"[worker-api-55e9748b-be73-4b89-bbc3-b948f0e2c252]: IDLE"}}
[debug] [2020-11-07T15:52:54.032Z] [work-queue] {"queueLength":0,"workRunningCount":0}
[debug] [2020-11-07T15:54:13.074Z] [work-queue] {"queueLength":1,"workRunningCount":0}
[debug] [2020-11-07T15:54:13.074Z] [work-queue] {"queueLength":0,"workRunningCount":1}
[debug] [2020-11-07T15:54:13.074Z] Accepted request POST /example-project-b9e76/us-central1/api/payments/create?total=0 --> api
[debug] [2020-11-07T15:54:13.075Z] [worker-pool] submitWork(triggerId=api) {"metadata":{"emulator":{"name":"functions"},"message":"[worker-pool] submitWork(triggerId=api)"}}
[debug] [2020-11-07T15:54:13.075Z] [worker-api-55e9748b-be73-4b89-bbc3-b948f0e2c252]: Assigning socketPath: /tmp/fire_emu_6197.sock {"metadata":{"emulator":{"name":"functions"},"message":"[worker-api-55e9748b-be73-4b89-bbc3-b948f0e2c252]: Assigning socketPath: /tmp/fire_emu_6197.sock"}}
[debug] [2020-11-07T15:54:13.075Z] [worker-api-55e9748b-be73-4b89-bbc3-b948f0e2c252]: BUSY {"metadata":{"emulator":{"name":"functions"},"message":"[worker-api-55e9748b-be73-4b89-bbc3-b948f0e2c252]: BUSY"}}
[debug] [2020-11-07T15:54:13.077Z] [runtime-status] [6197] Trigger "api" has been found, beginning invocation! {"metadata":{"emulator":{"name":"functions"},"function":{"name":"api"},"message":"[runtime-status] [6197] Trigger \"api\" has been found, beginning invocation!"}}
[info] i  functions: Beginning execution of "api" {"metadata":{"emulator":{"name":"functions"},"function":{"name":"api"},"message":"Beginning execution of \"api\""}}
[debug] [2020-11-07T15:54:13.077Z] [runtime-status] [6197] triggerDefinition {"httpsTrigger":{},"name":"api","entryPoint":"api"} {"metadata":{"emulator":{"name":"functions"},"function":{"name":"api"},"message":"[runtime-status] [6197] triggerDefinition {\"httpsTrigger\":{},\"name\":\"api\",\"entryPoint\":\"api\"}"}}
[debug] [2020-11-07T15:54:13.080Z] [runtime-status] [6197] Running api in mode HTTPS {"metadata":{"emulator":{"name":"functions"},"function":{"name":"api"},"message":"[runtime-status] [6197] Running api in mode HTTPS"}}
[debug] [2020-11-07T15:54:13.081Z] [runtime-status] [6197] Attempting to listen to socketPath: /tmp/fire_emu_6197.sock {"metadata":{"emulator":{"name":"functions"},"function":{"name":"api"},"message":"[runtime-status] [6197] Attempting to listen to socketPath: /tmp/fire_emu_6197.sock"}}
[debug] [2020-11-07T15:54:13.082Z] [functions] Runtime ready! Sending request! {"metadata":{"emulator":{"name":"functions"},"message":"[functions] Runtime ready! Sending request!"}}
[debug] [2020-11-07T15:54:13.102Z] [runtime-status] [6197] Ephemeral server handling POST request {"metadata":{"emulator":{"name":"functions"},"function":{"name":"api"},"message":"[runtime-status] [6197] Ephemeral server handling POST request"}}
[info] >  Payment Request Received!!! for this amount 0 {"user":"Payment Request Received!!! for this amount 0","metadata":{"emulator":{"name":"functions"},"function":{"name":"api"},"message":"\u001b[90m> \u001b[39m Payment Request Received!!! for this amount 0"}}
[debug] [2020-11-07T15:54:13.114Z] [runtime-status] [6197] Ephemeral server survived. {"metadata":{"emulator":{"name":"functions"},"function":{"name":"api"},"message":"[runtime-status] [6197] Ephemeral server survived."}}
[info] >  (node:6197) UnhandledPromiseRejectionWarning: Error: This value must be greater than or equal to 1. {"user":"(node:6197) UnhandledPromiseRejectionWarning: Error: This value must be greater than or equal to 1.","metadata":{"emulator":{"name":"functions"},"function":{"name":"api"},"message":"\u001b[90m> \u001b[39m (node:6197) UnhandledPromiseRejectionWarning: Error: This value must be greater than or equal to 1."}}
[info] >      at Function.generate (/home/mouahamdou/Documents/amazon/functions/node_modules/stripe/lib/Error.js:39:16) {"user":"    at Function.generate (/home/mouahamdou/Documents/amazon/functions/node_modules/stripe/lib/Error.js:39:16)","metadata":{"emulator":{"name":"functions"},"function":{"name":"api"},"message":"\u001b[90m> \u001b[39m     at Function.generate (/home/mouahamdou/Documents/amazon/functions/node_modules/stripe/lib/Error.js:39:16)"}}
[info] >      at IncomingMessage.<anonymous> (/home/mouahamdou/Documents/amazon/functions/node_modules/stripe/lib/StripeResource.js:190:33) {"user":"    at IncomingMessage.<anonymous> (/home/mouahamdou/Documents/amazon/functions/node_modules/stripe/lib/StripeResource.js:190:33)","metadata":{"emulator":{"name":"functions"},"function":{"name":"api"},"message":"\u001b[90m> \u001b[39m     at IncomingMessage.<anonymous> (/home/mouahamdou/Documents/amazon/functions/node_modules/stripe/lib/StripeResource.js:190:33)"}}
[info] >      at Object.onceWrapper (events.js:421:28) {"user":"    at Object.onceWrapper (events.js:421:28)","metadata":{"emulator":{"name":"functions"},"function":{"name":"api"},"message":"\u001b[90m> \u001b[39m     at Object.onceWrapper (events.js:421:28)"}}
[info] >      at IncomingMessage.emit (events.js:327:22) {"user":"    at IncomingMessage.emit (events.js:327:22)","metadata":{"emulator":{"name":"functions"},"function":{"name":"api"},"message":"\u001b[90m> \u001b[39m     at IncomingMessage.emit (events.js:327:22)"}}
[info] >      at endReadableNT (_stream_readable.js:1220:12) {"user":"    at endReadableNT (_stream_readable.js:1220:12)","metadata":{"emulator":{"name":"functions"},"function":{"name":"api"},"message":"\u001b[90m> \u001b[39m     at endReadableNT (_stream_readable.js:1220:12)"}}
[info] >      at processTicksAndRejections (internal/process/task_queues.js:84:21) {"user":"    at processTicksAndRejections (internal/process/task_queues.js:84:21)","metadata":{"emulator":{"name":"functions"},"function":{"name":"api"},"message":"\u001b[90m> \u001b[39m     at processTicksAndRejections (internal/process/task_queues.js:84:21)"}}
[info] >  (node:6197) UnhandledPromiseRejectionWarning: Unhandled promise rejection. This error originated either by throwing inside of an async function without a catch block, or by rejecting a promise which was not handled with .catch(). To terminate the node process on unhandled promise rejection, use the CLI flag `--unhandled-rejections=strict` (see https://nodejs.org/api/cli.html#cli_unhandled_rejections_mode). (rejection id: 1) {"user":"(node:6197) UnhandledPromiseRejectionWarning: Unhandled promise rejection. This error originated either by throwing inside of an async function without a catch block, or by rejecting a promise which was not handled with .catch(). To terminate the node process on unhandled promise rejection, use the CLI flag `--unhandled-rejections=strict` (see https://nodejs.org/api/cli.html#cli_unhandled_rejections_mode). (rejection id: 1)","metadata":{"emulator":{"name":"functions"},"function":{"name":"api"},"message":"\u001b[90m> \u001b[39m (node:6197) UnhandledPromiseRejectionWarning: Unhandled promise rejection. This error originated either by throwing inside of an async function without a catch block, or by rejecting a promise which was not handled with .catch(). To terminate the node process on unhandled promise rejection, use the CLI flag `--unhandled-rejections=strict` (see https://nodejs.org/api/cli.html#cli_unhandled_rejections_mode). (rejection id: 1)"}}
[info] >  (node:6197) [DEP0018] DeprecationWarning: Unhandled promise rejections are deprecated. In the future, promise rejections that are not handled will terminate the Node.js process with a non-zero exit code. {"user":"(node:6197) [DEP0018] DeprecationWarning: Unhandled promise rejections are deprecated. In the future, promise rejections that are not handled will terminate the Node.js process with a non-zero exit code.","metadata":{"emulator":{"name":"functions"},"function":{"name":"api"},"message":"\u001b[90m> \u001b[39m (node:6197) [DEP0018] DeprecationWarning: Unhandled promise rejections are deprecated. In the future, promise rejections that are not handled will terminate the Node.js process with a non-zero exit code."}}
[debug] [2020-11-07T15:54:26.277Z] [work-queue] {"queueLength":1,"workRunningCount":1}
[debug] [2020-11-07T15:54:26.277Z] [work-queue] {"queueLength":0,"workRunningCount":2}
[debug] [2020-11-07T15:54:26.277Z] Accepted request POST /example-project-b9e76/us-central1/api/payments/create?total=22998 --> api
[debug] [2020-11-07T15:54:26.285Z] [worker-pool] addWorker(api) {"metadata":{"emulator":{"name":"functions"},"message":"[worker-pool] addWorker(api)"}}
[debug] [2020-11-07T15:54:26.286Z] [worker-pool] Adding worker with key api, total=2 {"metadata":{"emulator":{"name":"functions"},"message":"[worker-pool] Adding worker with key api, total=2"}}
[debug] [2020-11-07T15:54:26.286Z] [worker-pool] submitWork(triggerId=api) {"metadata":{"emulator":{"name":"functions"},"message":"[worker-pool] submitWork(triggerId=api)"}}
[debug] [2020-11-07T15:54:26.286Z] [worker-api-54ac1f11-025c-4431-962c-384d4a4d934b]: Assigning socketPath: /tmp/fire_emu_6345.sock {"metadata":{"emulator":{"name":"functions"},"message":"[worker-api-54ac1f11-025c-4431-962c-384d4a4d934b]: Assigning socketPath: /tmp/fire_emu_6345.sock"}}
[debug] [2020-11-07T15:54:26.287Z] [worker-api-54ac1f11-025c-4431-962c-384d4a4d934b]: BUSY {"metadata":{"emulator":{"name":"functions"},"message":"[worker-api-54ac1f11-025c-4431-962c-384d4a4d934b]: BUSY"}}
[debug] [2020-11-07T15:54:26.737Z] [runtime-status] [6345] Functions runtime initialized. {"cwd":"/home/mouahamdou/Documents/amazon/functions","node_version":"12.18.3"} {"metadata":{"emulator":{"name":"functions"},"function":{"name":"api"},"message":"[runtime-status] [6345] Functions runtime initialized. {\"cwd\":\"/home/mouahamdou/Documents/amazon/functions\",\"node_version\":\"12.18.3\"}"}}
[debug] [2020-11-07T15:54:26.747Z] [runtime-status] [6345] Disabled runtime features: undefined {"metadata":{"emulator":{"name":"functions"},"function":{"name":"api"},"message":"[runtime-status] [6345] Disabled runtime features: undefined"}}
[debug] [2020-11-07T15:54:26.754Z] [runtime-status] [6345] Resolved module firebase-admin {"declared":true,"installed":true,"version":"8.13.0","resolution":"/home/mouahamdou/Documents/amazon/functions/node_modules/firebase-admin/lib/index.js"} {"metadata":{"emulator":{"name":"functions"},"function":{"name":"api"},"message":"[runtime-status] [6345] Resolved module firebase-admin {\"declared\":true,\"installed\":true,\"version\":\"8.13.0\",\"resolution\":\"/home/mouahamdou/Documents/amazon/functions/node_modules/firebase-admin/lib/index.js\"}"}}
[debug] [2020-11-07T15:54:26.757Z] [runtime-status] [6345] Resolved module firebase-functions {"declared":true,"installed":true,"version":"3.11.0","resolution":"/home/mouahamdou/Documents/amazon/functions/node_modules/firebase-functions/lib/index.js"} {"metadata":{"emulator":{"name":"functions"},"function":{"name":"api"},"message":"[runtime-status] [6345] Resolved module firebase-functions {\"declared\":true,\"installed\":true,\"version\":\"3.11.0\",\"resolution\":\"/home/mouahamdou/Documents/amazon/functions/node_modules/firebase-functions/lib/index.js\"}"}}
[debug] [2020-11-07T15:54:26.760Z] [runtime-status] [6345] Resolved module firebase-functions {"declared":true,"installed":true,"version":"3.11.0","resolution":"/home/mouahamdou/Documents/amazon/functions/node_modules/firebase-functions/lib/index.js"} {"metadata":{"emulator":{"name":"functions"},"function":{"name":"api"},"message":"[runtime-status] [6345] Resolved module firebase-functions {\"declared\":true,\"installed\":true,\"version\":\"3.11.0\",\"resolution\":\"/home/mouahamdou/Documents/amazon/functions/node_modules/firebase-functions/lib/index.js\"}"}}
[debug] [2020-11-07T15:54:26.762Z] [runtime-status] [6345] Outgoing network have been stubbed. [{"name":"http","status":"mocked"},{"name":"http","status":"mocked"},{"name":"https","status":"mocked"},{"name":"https","status":"mocked"},{"name":"net","status":"mocked"}] {"metadata":{"emulator":{"name":"functions"},"function":{"name":"api"},"message":"[runtime-status] [6345] Outgoing network have been stubbed. [{\"name\":\"http\",\"status\":\"mocked\"},{\"name\":\"http\",\"status\":\"mocked\"},{\"name\":\"https\",\"status\":\"mocked\"},{\"name\":\"https\",\"status\":\"mocked\"},{\"name\":\"net\",\"status\":\"mocked\"}]"}}
[debug] [2020-11-07T15:54:26.762Z] [runtime-status] [6345] Resolved module firebase-functions {"declared":true,"installed":true,"version":"3.11.0","resolution":"/home/mouahamdou/Documents/amazon/functions/node_modules/firebase-functions/lib/index.js"} {"metadata":{"emulator":{"name":"functions"},"function":{"name":"api"},"message":"[runtime-status] [6345] Resolved module firebase-functions {\"declared\":true,\"installed\":true,\"version\":\"3.11.0\",\"resolution\":\"/home/mouahamdou/Documents/amazon/functions/node_modules/firebase-functions/lib/index.js\"}"}}
[debug] [2020-11-07T15:54:26.800Z] [runtime-status] [6345] Checked functions.config() {"config":{}} {"metadata":{"emulator":{"name":"functions"},"function":{"name":"api"},"message":"[runtime-status] [6345] Checked functions.config() {\"config\":{}}"}}
[debug] [2020-11-07T15:54:26.801Z] [runtime-status] [6345] firebase-functions has been stubbed. {"functionsResolution":{"declared":true,"installed":true,"version":"3.11.0","resolution":"/home/mouahamdou/Documents/amazon/functions/node_modules/firebase-functions/lib/index.js"}} {"metadata":{"emulator":{"name":"functions"},"function":{"name":"api"},"message":"[runtime-status] [6345] firebase-functions has been stubbed. {\"functionsResolution\":{\"declared\":true,\"installed\":true,\"version\":\"3.11.0\",\"resolution\":\"/home/mouahamdou/Documents/amazon/functions/node_modules/firebase-functions/lib/index.js\"}}"}}
[debug] [2020-11-07T15:54:26.802Z] [runtime-status] [6345] Resolved module firebase-functions {"declared":true,"installed":true,"version":"3.11.0","resolution":"/home/mouahamdou/Documents/amazon/functions/node_modules/firebase-functions/lib/index.js"} {"metadata":{"emulator":{"name":"functions"},"function":{"name":"api"},"message":"[runtime-status] [6345] Resolved module firebase-functions {\"declared\":true,\"installed\":true,\"version\":\"3.11.0\",\"resolution\":\"/home/mouahamdou/Documents/amazon/functions/node_modules/firebase-functions/lib/index.js\"}"}}
[debug] [2020-11-07T15:54:26.807Z] [runtime-status] [6345] Resolved module firebase-admin {"declared":true,"installed":true,"version":"8.13.0","resolution":"/home/mouahamdou/Documents/amazon/functions/node_modules/firebase-admin/lib/index.js"} {"metadata":{"emulator":{"name":"functions"},"function":{"name":"api"},"message":"[runtime-status] [6345] Resolved module firebase-admin {\"declared\":true,\"installed\":true,\"version\":\"8.13.0\",\"resolution\":\"/home/mouahamdou/Documents/amazon/functions/node_modules/firebase-admin/lib/index.js\"}"}}
[debug] [2020-11-07T15:54:26.807Z] [runtime-status] [6345] Resolved module firebase-functions {"declared":true,"installed":true,"version":"3.11.0","resolution":"/home/mouahamdou/Documents/amazon/functions/node_modules/firebase-functions/lib/index.js"} {"metadata":{"emulator":{"name":"functions"},"function":{"name":"api"},"message":"[runtime-status] [6345] Resolved module firebase-functions {\"declared\":true,\"installed\":true,\"version\":\"3.11.0\",\"resolution\":\"/home/mouahamdou/Documents/amazon/functions/node_modules/firebase-functions/lib/index.js\"}"}}
[debug] [2020-11-07T15:54:26.807Z] [runtime-status] [6345] firebase-admin has been stubbed. {"adminResolution":{"declared":true,"installed":true,"version":"8.13.0","resolution":"/home/mouahamdou/Documents/amazon/functions/node_modules/firebase-admin/lib/index.js"}} {"metadata":{"emulator":{"name":"functions"},"function":{"name":"api"},"message":"[runtime-status] [6345] firebase-admin has been stubbed. {\"adminResolution\":{\"declared\":true,\"installed\":true,\"version\":\"8.13.0\",\"resolution\":\"/home/mouahamdou/Documents/amazon/functions/node_modules/firebase-admin/lib/index.js\"}}"}}
[debug] [2020-11-07T15:54:26.903Z] [runtime-status] [6345] Trigger "api" has been found, beginning invocation! {"metadata":{"emulator":{"name":"functions"},"function":{"name":"api"},"message":"[runtime-status] [6345] Trigger \"api\" has been found, beginning invocation!"}}
[info] i  functions: Beginning execution of "api" {"metadata":{"emulator":{"name":"functions"},"function":{"name":"api"},"message":"Beginning execution of \"api\""}}
[debug] [2020-11-07T15:54:26.904Z] [runtime-status] [6345] triggerDefinition {"httpsTrigger":{},"name":"api","entryPoint":"api"} {"metadata":{"emulator":{"name":"functions"},"function":{"name":"api"},"message":"[runtime-status] [6345] triggerDefinition {\"httpsTrigger\":{},\"name\":\"api\",\"entryPoint\":\"api\"}"}}
[debug] [2020-11-07T15:54:26.904Z] [runtime-status] [6345] Running api in mode HTTPS {"metadata":{"emulator":{"name":"functions"},"function":{"name":"api"},"message":"[runtime-status] [6345] Running api in mode HTTPS"}}
[debug] [2020-11-07T15:54:26.908Z] [runtime-status] [6345] Attempting to listen to socketPath: /tmp/fire_emu_6345.sock {"metadata":{"emulator":{"name":"functions"},"function":{"name":"api"},"message":"[runtime-status] [6345] Attempting to listen to socketPath: /tmp/fire_emu_6345.sock"}}
[debug] [2020-11-07T15:54:26.911Z] [functions] Runtime ready! Sending request! {"metadata":{"emulator":{"name":"functions"},"message":"[functions] Runtime ready! Sending request!"}}
[debug] [2020-11-07T15:54:26.922Z] [runtime-status] [6345] Ephemeral server handling POST request {"metadata":{"emulator":{"name":"functions"},"function":{"name":"api"},"message":"[runtime-status] [6345] Ephemeral server handling POST request"}}
[info] >  Payment Request Received!!! for this amount 22998 {"user":"Payment Request Received!!! for this amount 22998","metadata":{"emulator":{"name":"functions"},"function":{"name":"api"},"message":"\u001b[90m> \u001b[39m Payment Request Received!!! for this amount 22998"}}
[debug] [2020-11-07T15:54:26.941Z] [runtime-status] [6345] Ephemeral server survived. {"metadata":{"emulator":{"name":"functions"},"function":{"name":"api"},"message":"[runtime-status] [6345] Ephemeral server survived."}}
[info] i  functions: Finished "api" in ~1s {"metadata":{"emulator":{"name":"functions"},"function":{"name":"api"},"message":"Finished \"api\" in ~1s"}}
[debug] [2020-11-07T15:54:28.073Z] [worker-api-54ac1f11-025c-4431-962c-384d4a4d934b]: IDLE {"metadata":{"emulator":{"name":"functions"},"message":"[worker-api-54ac1f11-025c-4431-962c-384d4a4d934b]: IDLE"}}
[debug] [2020-11-07T15:54:28.074Z] [work-queue] {"queueLength":0,"workRunningCount":1}
[warn] ⚠  functions: Your function timed out after ~60s. To configure this timeout, see
      https://firebase.google.com/docs/functions/manage-functions#set_timeout_and_memory_allocation. {"metadata":{"emulator":{"name":"functions"},"function":{"name":"api"},"message":"Your function timed out after ~60s. To configure this timeout, see\n      https://firebase.google.com/docs/functions/manage-functions#set_timeout_and_memory_allocation."}}
[info] >  /usr/local/lib/node_modules/firebase-tools/lib/emulator/functionsEmulatorRuntime.js:642 {"user":"/usr/local/lib/node_modules/firebase-tools/lib/emulator/functionsEmulatorRuntime.js:642","metadata":{"emulator":{"name":"functions"},"function":{"name":"api"},"message":"\u001b[90m> \u001b[39m /usr/local/lib/node_modules/firebase-tools/lib/emulator/functionsEmulatorRuntime.js:642"}}
[info] >                  throw new Error("Function timed out."); {"user":"                throw new Error(\"Function timed out.\");","metadata":{"emulator":{"name":"functions"},"function":{"name":"api"},"message":"\u001b[90m> \u001b[39m                 throw new Error(\"Function timed out.\");"}}
[info] >                  ^ {"user":"                ^","metadata":{"emulator":{"name":"functions"},"function":{"name":"api"},"message":"\u001b[90m> \u001b[39m                 ^"}}
[info] >   {"user":"","metadata":{"emulator":{"name":"functions"},"function":{"name":"api"},"message":"\u001b[90m> \u001b[39m "}}
[info] >  Error: Function timed out. {"user":"Error: Function timed out.","metadata":{"emulator":{"name":"functions"},"function":{"name":"api"},"message":"\u001b[90m> \u001b[39m Error: Function timed out."}}
[info] >      at Timeout._onTimeout (/usr/local/lib/node_modules/firebase-tools/lib/emulator/functionsEmulatorRuntime.js:642:23) {"user":"    at Timeout._onTimeout (/usr/local/lib/node_modules/firebase-tools/lib/emulator/functionsEmulatorRuntime.js:642:23)","metadata":{"emulator":{"name":"functions"},"function":{"name":"api"},"message":"\u001b[90m> \u001b[39m     at Timeout._onTimeout (/usr/local/lib/node_modules/firebase-tools/lib/emulator/functionsEmulatorRuntime.js:642:23)"}}
[info] >      at listOnTimeout (internal/timers.js:549:17) {"user":"    at listOnTimeout (internal/timers.js:549:17)","metadata":{"emulator":{"name":"functions"},"function":{"name":"api"},"message":"\u001b[90m> \u001b[39m     at listOnTimeout (internal/timers.js:549:17)"}}
[info] >      at processTimers (internal/timers.js:492:7) {"user":"    at processTimers (internal/timers.js:492:7)","metadata":{"emulator":{"name":"functions"},"function":{"name":"api"},"message":"\u001b[90m> \u001b[39m     at processTimers (internal/timers.js:492:7)"}}
[debug] [2020-11-07T15:55:13.114Z] [worker-api-55e9748b-be73-4b89-bbc3-b948f0e2c252]: exited {"metadata":{"emulator":{"name":"functions"},"message":"[worker-api-55e9748b-be73-4b89-bbc3-b948f0e2c252]: exited"}}
[debug] [2020-11-07T15:55:13.114Z] [worker-api-55e9748b-be73-4b89-bbc3-b948f0e2c252]: FINISHED {"metadata":{"emulator":{"name":"functions"},"message":"[worker-api-55e9748b-be73-4b89-bbc3-b948f0e2c252]: FINISHED"}}
[debug] [2020-11-07T15:55:13.115Z] [work-queue] {"queueLength":0,"workRunningCount":0}
[debug] [2020-11-07T16:10:36.303Z] [work-queue] {"queueLength":1,"workRunningCount":0}
[debug] [2020-11-07T16:10:36.303Z] [work-queue] {"queueLength":0,"workRunningCount":1}
[debug] [2020-11-07T16:10:36.303Z] Accepted request POST /example-project-b9e76/us-central1/api/payments/create?total=229800 --> api
[debug] [2020-11-07T16:10:36.304Z] [worker-pool] Cleaned up workers for api: 2 --> 1 {"metadata":{"emulator":{"name":"functions"},"message":"[worker-pool] Cleaned up workers for api: 2 --> 1"}}
[debug] [2020-11-07T16:10:36.304Z] [worker-pool] submitWork(triggerId=api) {"metadata":{"emulator":{"name":"functions"},"message":"[worker-pool] submitWork(triggerId=api)"}}
[debug] [2020-11-07T16:10:36.304Z] [worker-api-54ac1f11-025c-4431-962c-384d4a4d934b]: Assigning socketPath: /tmp/fire_emu_6345.sock {"metadata":{"emulator":{"name":"functions"},"message":"[worker-api-54ac1f11-025c-4431-962c-384d4a4d934b]: Assigning socketPath: /tmp/fire_emu_6345.sock"}}
[debug] [2020-11-07T16:10:36.304Z] [worker-api-54ac1f11-025c-4431-962c-384d4a4d934b]: BUSY {"metadata":{"emulator":{"name":"functions"},"message":"[worker-api-54ac1f11-025c-4431-962c-384d4a4d934b]: BUSY"}}
[debug] [2020-11-07T16:10:36.307Z] [runtime-status] [6345] Trigger "api" has been found, beginning invocation! {"metadata":{"emulator":{"name":"functions"},"function":{"name":"api"},"message":"[runtime-status] [6345] Trigger \"api\" has been found, beginning invocation!"}}
[info] i  functions: Beginning execution of "api" {"metadata":{"emulator":{"name":"functions"},"function":{"name":"api"},"message":"Beginning execution of \"api\""}}
[debug] [2020-11-07T16:10:36.308Z] [runtime-status] [6345] triggerDefinition {"httpsTrigger":{},"name":"api","entryPoint":"api"} {"metadata":{"emulator":{"name":"functions"},"function":{"name":"api"},"message":"[runtime-status] [6345] triggerDefinition {\"httpsTrigger\":{},\"name\":\"api\",\"entryPoint\":\"api\"}"}}
[debug] [2020-11-07T16:10:36.308Z] [runtime-status] [6345] Running api in mode HTTPS {"metadata":{"emulator":{"name":"functions"},"function":{"name":"api"},"message":"[runtime-status] [6345] Running api in mode HTTPS"}}
[debug] [2020-11-07T16:10:36.308Z] [runtime-status] [6345] Attempting to listen to socketPath: /tmp/fire_emu_6345.sock {"metadata":{"emulator":{"name":"functions"},"function":{"name":"api"},"message":"[runtime-status] [6345] Attempting to listen to socketPath: /tmp/fire_emu_6345.sock"}}
[debug] [2020-11-07T16:10:36.309Z] [functions] Runtime ready! Sending request! {"metadata":{"emulator":{"name":"functions"},"message":"[functions] Runtime ready! Sending request!"}}
[debug] [2020-11-07T16:10:36.316Z] [runtime-status] [6345] Ephemeral server handling POST request {"metadata":{"emulator":{"name":"functions"},"function":{"name":"api"},"message":"[runtime-status] [6345] Ephemeral server handling POST request"}}
[debug] [2020-11-07T16:10:36.316Z] [runtime-status] [6345] Ephemeral server survived. {"metadata":{"emulator":{"name":"functions"},"function":{"name":"api"},"message":"[runtime-status] [6345] Ephemeral server survived."}}
[info] >  Payment Request Received!!! for this amount 229800 {"user":"Payment Request Received!!! for this amount 229800","metadata":{"emulator":{"name":"functions"},"function":{"name":"api"},"message":"\u001b[90m> \u001b[39m Payment Request Received!!! for this amount 229800"}}
[info] i  functions: Finished "api" in ~1s {"metadata":{"emulator":{"name":"functions"},"function":{"name":"api"},"message":"Finished \"api\" in ~1s"}}
[debug] [2020-11-07T16:10:37.918Z] [worker-api-54ac1f11-025c-4431-962c-384d4a4d934b]: IDLE {"metadata":{"emulator":{"name":"functions"},"message":"[worker-api-54ac1f11-025c-4431-962c-384d4a4d934b]: IDLE"}}
[debug] [2020-11-07T16:10:37.919Z] [work-queue] {"queueLength":0,"workRunningCount":0}
[debug] [2020-11-07T16:10:44.693Z] [work-queue] {"queueLength":1,"workRunningCount":0}
[debug] [2020-11-07T16:10:44.693Z] [work-queue] {"queueLength":0,"workRunningCount":1}
[debug] [2020-11-07T16:10:44.694Z] Accepted request POST /example-project-b9e76/us-central1/api/payments/create?total=19900 --> api
[debug] [2020-11-07T16:10:44.694Z] [worker-pool] submitWork(triggerId=api) {"metadata":{"emulator":{"name":"functions"},"message":"[worker-pool] submitWork(triggerId=api)"}}
[debug] [2020-11-07T16:10:44.694Z] [worker-api-54ac1f11-025c-4431-962c-384d4a4d934b]: Assigning socketPath: /tmp/fire_emu_6345.sock {"metadata":{"emulator":{"name":"functions"},"message":"[worker-api-54ac1f11-025c-4431-962c-384d4a4d934b]: Assigning socketPath: /tmp/fire_emu_6345.sock"}}
[debug] [2020-11-07T16:10:44.694Z] [worker-api-54ac1f11-025c-4431-962c-384d4a4d934b]: BUSY {"metadata":{"emulator":{"name":"functions"},"message":"[worker-api-54ac1f11-025c-4431-962c-384d4a4d934b]: BUSY"}}
[debug] [2020-11-07T16:10:44.697Z] [runtime-status] [6345] Trigger "api" has been found, beginning invocation! {"metadata":{"emulator":{"name":"functions"},"function":{"name":"api"},"message":"[runtime-status] [6345] Trigger \"api\" has been found, beginning invocation!"}}
[info] i  functions: Beginning execution of "api" {"metadata":{"emulator":{"name":"functions"},"function":{"name":"api"},"message":"Beginning execution of \"api\""}}
[debug] [2020-11-07T16:10:44.698Z] [runtime-status] [6345] triggerDefinition {"httpsTrigger":{},"name":"api","entryPoint":"api"} {"metadata":{"emulator":{"name":"functions"},"function":{"name":"api"},"message":"[runtime-status] [6345] triggerDefinition {\"httpsTrigger\":{},\"name\":\"api\",\"entryPoint\":\"api\"}"}}
[debug] [2020-11-07T16:10:44.698Z] [runtime-status] [6345] Running api in mode HTTPS {"metadata":{"emulator":{"name":"functions"},"function":{"name":"api"},"message":"[runtime-status] [6345] Running api in mode HTTPS"}}
[debug] [2020-11-07T16:10:44.698Z] [runtime-status] [6345] Attempting to listen to socketPath: /tmp/fire_emu_6345.sock {"metadata":{"emulator":{"name":"functions"},"function":{"name":"api"},"message":"[runtime-status] [6345] Attempting to listen to socketPath: /tmp/fire_emu_6345.sock"}}
[debug] [2020-11-07T16:10:44.699Z] [functions] Runtime ready! Sending request! {"metadata":{"emulator":{"name":"functions"},"message":"[functions] Runtime ready! Sending request!"}}
[debug] [2020-11-07T16:10:44.708Z] [runtime-status] [6345] Ephemeral server handling POST request {"metadata":{"emulator":{"name":"functions"},"function":{"name":"api"},"message":"[runtime-status] [6345] Ephemeral server handling POST request"}}
[debug] [2020-11-07T16:10:44.708Z] [runtime-status] [6345] Ephemeral server survived. {"metadata":{"emulator":{"name":"functions"},"function":{"name":"api"},"message":"[runtime-status] [6345] Ephemeral server survived."}}
[info] >  Payment Request Received!!! for this amount 19900 {"user":"Payment Request Received!!! for this amount 19900","metadata":{"emulator":{"name":"functions"},"function":{"name":"api"},"message":"\u001b[90m> \u001b[39m Payment Request Received!!! for this amount 19900"}}
[info] i  functions: Finished "api" in ~1s {"metadata":{"emulator":{"name":"functions"},"function":{"name":"api"},"message":"Finished \"api\" in ~1s"}}
[debug] [2020-11-07T16:10:45.204Z] [worker-api-54ac1f11-025c-4431-962c-384d4a4d934b]: IDLE {"metadata":{"emulator":{"name":"functions"},"message":"[worker-api-54ac1f11-025c-4431-962c-384d4a4d934b]: IDLE"}}
[debug] [2020-11-07T16:10:45.205Z] [work-queue] {"queueLength":0,"workRunningCount":0}
[debug] [2020-11-07T16:11:25.426Z] [work-queue] {"queueLength":1,"workRunningCount":0}
[debug] [2020-11-07T16:11:25.427Z] [work-queue] {"queueLength":0,"workRunningCount":1}
[debug] [2020-11-07T16:11:25.427Z] Accepted request POST /example-project-b9e76/us-central1/api/payments/create?total=0 --> api
[debug] [2020-11-07T16:11:25.427Z] [worker-pool] submitWork(triggerId=api) {"metadata":{"emulator":{"name":"functions"},"message":"[worker-pool] submitWork(triggerId=api)"}}
[debug] [2020-11-07T16:11:25.428Z] [worker-api-54ac1f11-025c-4431-962c-384d4a4d934b]: Assigning socketPath: /tmp/fire_emu_6345.sock {"metadata":{"emulator":{"name":"functions"},"message":"[worker-api-54ac1f11-025c-4431-962c-384d4a4d934b]: Assigning socketPath: /tmp/fire_emu_6345.sock"}}
[debug] [2020-11-07T16:11:25.428Z] [worker-api-54ac1f11-025c-4431-962c-384d4a4d934b]: BUSY {"metadata":{"emulator":{"name":"functions"},"message":"[worker-api-54ac1f11-025c-4431-962c-384d4a4d934b]: BUSY"}}
[debug] [2020-11-07T16:11:25.430Z] [runtime-status] [6345] Trigger "api" has been found, beginning invocation! {"metadata":{"emulator":{"name":"functions"},"function":{"name":"api"},"message":"[runtime-status] [6345] Trigger \"api\" has been found, beginning invocation!"}}
[info] i  functions: Beginning execution of "api" {"metadata":{"emulator":{"name":"functions"},"function":{"name":"api"},"message":"Beginning execution of \"api\""}}
[debug] [2020-11-07T16:11:25.431Z] [runtime-status] [6345] triggerDefinition {"httpsTrigger":{},"name":"api","entryPoint":"api"} {"metadata":{"emulator":{"name":"functions"},"function":{"name":"api"},"message":"[runtime-status] [6345] triggerDefinition {\"httpsTrigger\":{},\"name\":\"api\",\"entryPoint\":\"api\"}"}}
[debug] [2020-11-07T16:11:25.431Z] [runtime-status] [6345] Running api in mode HTTPS {"metadata":{"emulator":{"name":"functions"},"function":{"name":"api"},"message":"[runtime-status] [6345] Running api in mode HTTPS"}}
[debug] [2020-11-07T16:11:25.432Z] [runtime-status] [6345] Attempting to listen to socketPath: /tmp/fire_emu_6345.sock {"metadata":{"emulator":{"name":"functions"},"function":{"name":"api"},"message":"[runtime-status] [6345] Attempting to listen to socketPath: /tmp/fire_emu_6345.sock"}}
[debug] [2020-11-07T16:11:25.433Z] [functions] Runtime ready! Sending request! {"metadata":{"emulator":{"name":"functions"},"message":"[functions] Runtime ready! Sending request!"}}
[debug] [2020-11-07T16:11:25.440Z] [runtime-status] [6345] Ephemeral server handling POST request {"metadata":{"emulator":{"name":"functions"},"function":{"name":"api"},"message":"[runtime-status] [6345] Ephemeral server handling POST request"}}
[info] >  Payment Request Received!!! for this amount 0 {"user":"Payment Request Received!!! for this amount 0","metadata":{"emulator":{"name":"functions"},"function":{"name":"api"},"message":"\u001b[90m> \u001b[39m Payment Request Received!!! for this amount 0"}}
[debug] [2020-11-07T16:11:25.443Z] [runtime-status] [6345] Ephemeral server survived. {"metadata":{"emulator":{"name":"functions"},"function":{"name":"api"},"message":"[runtime-status] [6345] Ephemeral server survived."}}
[info] >  (node:6345) UnhandledPromiseRejectionWarning: Error: This value must be greater than or equal to 1. {"user":"(node:6345) UnhandledPromiseRejectionWarning: Error: This value must be greater than or equal to 1.","metadata":{"emulator":{"name":"functions"},"function":{"name":"api"},"message":"\u001b[90m> \u001b[39m (node:6345) UnhandledPromiseRejectionWarning: Error: This value must be greater than or equal to 1."}}
[info] >      at Function.generate (/home/mouahamdou/Documents/amazon/functions/node_modules/stripe/lib/Error.js:39:16) {"user":"    at Function.generate (/home/mouahamdou/Documents/amazon/functions/node_modules/stripe/lib/Error.js:39:16)","metadata":{"emulator":{"name":"functions"},"function":{"name":"api"},"message":"\u001b[90m> \u001b[39m     at Function.generate (/home/mouahamdou/Documents/amazon/functions/node_modules/stripe/lib/Error.js:39:16)"}}
[info] >      at IncomingMessage.<anonymous> (/home/mouahamdou/Documents/amazon/functions/node_modules/stripe/lib/StripeResource.js:190:33) {"user":"    at IncomingMessage.<anonymous> (/home/mouahamdou/Documents/amazon/functions/node_modules/stripe/lib/StripeResource.js:190:33)","metadata":{"emulator":{"name":"functions"},"function":{"name":"api"},"message":"\u001b[90m> \u001b[39m     at IncomingMessage.<anonymous> (/home/mouahamdou/Documents/amazon/functions/node_modules/stripe/lib/StripeResource.js:190:33)"}}
[info] >      at Object.onceWrapper (events.js:421:28) {"user":"    at Object.onceWrapper (events.js:421:28)","metadata":{"emulator":{"name":"functions"},"function":{"name":"api"},"message":"\u001b[90m> \u001b[39m     at Object.onceWrapper (events.js:421:28)"}}
[info] >      at IncomingMessage.emit (events.js:327:22) {"user":"    at IncomingMessage.emit (events.js:327:22)","metadata":{"emulator":{"name":"functions"},"function":{"name":"api"},"message":"\u001b[90m> \u001b[39m     at IncomingMessage.emit (events.js:327:22)"}}
[info] >      at endReadableNT (_stream_readable.js:1220:12) {"user":"    at endReadableNT (_stream_readable.js:1220:12)","metadata":{"emulator":{"name":"functions"},"function":{"name":"api"},"message":"\u001b[90m> \u001b[39m     at endReadableNT (_stream_readable.js:1220:12)"}}
[info] >      at processTicksAndRejections (internal/process/task_queues.js:84:21) {"user":"    at processTicksAndRejections (internal/process/task_queues.js:84:21)","metadata":{"emulator":{"name":"functions"},"function":{"name":"api"},"message":"\u001b[90m> \u001b[39m     at processTicksAndRejections (internal/process/task_queues.js:84:21)"}}
[info] >  (node:6345) UnhandledPromiseRejectionWarning: Unhandled promise rejection. This error originated either by throwing inside of an async function without a catch block, or by rejecting a promise which was not handled with .catch(). To terminate the node process on unhandled promise rejection, use the CLI flag `--unhandled-rejections=strict` (see https://nodejs.org/api/cli.html#cli_unhandled_rejections_mode). (rejection id: 1) {"user":"(node:6345) UnhandledPromiseRejectionWarning: Unhandled promise rejection. This error originated either by throwing inside of an async function without a catch block, or by rejecting a promise which was not handled with .catch(). To terminate the node process on unhandled promise rejection, use the CLI flag `--unhandled-rejections=strict` (see https://nodejs.org/api/cli.html#cli_unhandled_rejections_mode). (rejection id: 1)","metadata":{"emulator":{"name":"functions"},"function":{"name":"api"},"message":"\u001b[90m> \u001b[39m (node:6345) UnhandledPromiseRejectionWarning: Unhandled promise rejection. This error originated either by throwing inside of an async function without a catch block, or by rejecting a promise which was not handled with .catch(). To terminate the node process on unhandled promise rejection, use the CLI flag `--unhandled-rejections=strict` (see https://nodejs.org/api/cli.html#cli_unhandled_rejections_mode). (rejection id: 1)"}}
[info] >  (node:6345) [DEP0018] DeprecationWarning: Unhandled promise rejections are deprecated. In the future, promise rejections that are not handled will terminate the Node.js process with a non-zero exit code. {"user":"(node:6345) [DEP0018] DeprecationWarning: Unhandled promise rejections are deprecated. In the future, promise rejections that are not handled will terminate the Node.js process with a non-zero exit code.","metadata":{"emulator":{"name":"functions"},"function":{"name":"api"},"message":"\u001b[90m> \u001b[39m (node:6345) [DEP0018] DeprecationWarning: Unhandled promise rejections are deprecated. In the future, promise rejections that are not handled will terminate the Node.js process with a non-zero exit code."}}
